<?xml version="1.0" encoding="UTF-8"?>
<!-- Generated by org.testng.reporters.JUnitReportReporter -->
<testsuite hostname="DESKTOP-JFIIDIB" failures="0" tests="1" name="br.com.rafaelferreira.rest.test.DiplomaTest" time="1.358" errors="0" timestamp="2021-04-11T01:59:44 BRT" skipped="0">
  <testcase classname="br.com.rafaelferreira.rest.test.DiplomaTest" name="petitionProtocolInvalid" time="1.358"/>
  <system-out/>
</testsuite> <!-- br.com.rafaelferreira.rest.test.DiplomaTest -->
