<?xml version="1.0" encoding="UTF-8"?>
<!-- Generated by org.testng.reporters.JUnitReportReporter -->
<testsuite hostname="DESKTOP-JFIIDIB" failures="0" tests="1" name="br.com.rafaelferreira.rest.test.TypicodeTest" time="1.578" errors="0" timestamp="2021-04-13T17:24:36 BRT" skipped="0">
  <testcase classname="br.com.rafaelferreira.rest.test.TypicodeTest" name="getPosts" time="1.578"/>
  <system-out/>
</testsuite> <!-- br.com.rafaelferreira.rest.test.TypicodeTest -->
