<?xml version="1.0" encoding="UTF-8"?>
<!-- Generated by org.testng.reporters.JUnitReportReporter -->
<testsuite hostname="DESKTOP-JFIIDIB" failures="0" tests="4" name="br.com.rafaelferreira.rest.EnviandoArquivos" time="6.590" errors="0" timestamp="2021-04-05T22:47:00 BRT" skipped="0">
  <testcase classname="br.com.rafaelferreira.rest.EnviandoArquivos" name="deveObrigarEnviarArquivo" time="0.354"/>
  <system-out/>
  <testcase classname="br.com.rafaelferreira.rest.EnviandoArquivos" name="deveEnviarArquivo" time="1.236"/>
  <system-out/>
  <testcase classname="br.com.rafaelferreira.rest.EnviandoArquivos" name="deveBaixarArquivo" time="3.006"/>
  <system-out/>
  <testcase classname="br.com.rafaelferreira.rest.EnviandoArquivos" name="deveValidarTamanhoArquivo" time="1.994"/>
  <system-out/>
</testsuite> <!-- br.com.rafaelferreira.rest.EnviandoArquivos -->
