<?xml version="1.0" encoding="UTF-8"?>
<!-- Generated by org.testng.reporters.JUnitReportReporter -->
<testsuite hostname="DESKTOP-JFIIDIB" failures="0" tests="6" name="br.com.rafaelferreira.rest.AutenticTest" time="9.970" errors="0" timestamp="2021-04-08T01:30:11 BRT" skipped="0">
  <testcase classname="br.com.rafaelferreira.rest.AutenticTest" name="deveAcessarPublic" time="3.314"/>
  <system-out/>
  <testcase classname="br.com.rafaelferreira.rest.AutenticTest" name="deveAcessarTokenExplicito" time="0.966"/>
  <system-out/>
  <testcase classname="br.com.rafaelferreira.rest.AutenticTest" name="deveAcessarAutenticacaoSimples3" time="0.354"/>
  <system-out/>
  <testcase classname="br.com.rafaelferreira.rest.AutenticTest" name="deveAcessarAutenticacaoSimples" time="2.438"/>
  <system-out/>
  <testcase classname="br.com.rafaelferreira.rest.AutenticTest" name="deveAcessarAutenticacaoSimples2" time="0.515"/>
  <system-out/>
  <testcase classname="br.com.rafaelferreira.rest.AutenticTest" name="deveAcessarAutenticacaoToken" time="2.383"/>
  <system-out/>
</testsuite> <!-- br.com.rafaelferreira.rest.AutenticTest -->
