<?xml version="1.0" encoding="UTF-8"?>
<!-- Generated by org.testng.reporters.JUnitReportReporter -->
<testsuite hostname="DESKTOP-JFIIDIB" failures="0" tests="3" name="br.com.rafaelferreira.rest.ValidarEsquema" time="3.191" errors="0" timestamp="2021-04-06T00:02:44 BRT" skipped="0">
  <testcase classname="br.com.rafaelferreira.rest.ValidarEsquema" name="deveValidarEsquemaXML" time="0.360"/>
  <system-out/>
  <testcase classname="br.com.rafaelferreira.rest.ValidarEsquema" name="deveValidarEsquemaRotaErrada" time="0.495"/>
  <system-out/>
  <testcase classname="br.com.rafaelferreira.rest.ValidarEsquema" name="deveValidarEsquemaJson" time="2.336"/>
  <system-out/>
</testsuite> <!-- br.com.rafaelferreira.rest.ValidarEsquema -->
