<?xml version="1.0" encoding="UTF-8"?>
<!-- Generated by org.testng.reporters.JUnitReportReporter -->
<testsuite hostname="DESKTOP-JFIIDIB" failures="0" tests="7" name="br.com.rafaelferreira.rest.UsingPost" time="5.007" errors="0" timestamp="2021-04-04T00:48:19 BRT" skipped="0">
  <testcase classname="br.com.rafaelferreira.rest.UsingPost" name="deveSalvaraUser" time="0.420"/>
  <system-out/>
  <testcase classname="br.com.rafaelferreira.rest.UsingPost" name="deveSalvaraUserObject" time="0.397"/>
  <system-out/>
  <testcase classname="br.com.rafaelferreira.rest.UsingPost" name="naoDeveSalvaraUserSemNome" time="0.368"/>
  <system-out/>
  <testcase classname="br.com.rafaelferreira.rest.UsingPost" name="deveExcluirUser" time="0.332"/>
  <system-out/>
  <testcase classname="br.com.rafaelferreira.rest.UsingPost" name="deveDeserializarUserObject" time="0.462"/>
  <system-out/>
  <testcase classname="br.com.rafaelferreira.rest.UsingPost" name="deveSalvaraUserMap" time="0.467"/>
  <system-out/>
  <testcase classname="br.com.rafaelferreira.rest.UsingPost" name="deveAlterarUser" time="2.561"/>
  <system-out/>
</testsuite> <!-- br.com.rafaelferreira.rest.UsingPost -->
