<?xml version="1.0" encoding="UTF-8"?>
<!-- Generated by org.testng.reporters.JUnitReportReporter -->
<testsuite hostname="DESKTOP-JFIIDIB" failures="0" tests="3" name="br.com.rafaelferreira.rest.TestingaByTestNg" time="2.209" errors="0" timestamp="2021-03-29T15:01:02 BRT" skipped="0">
  <testcase classname="br.com.rafaelferreira.rest.TestingaByTestNg" name="testandoHamcrest" time="0.009"/>
  <system-out/>
  <testcase classname="br.com.rafaelferreira.rest.TestingaByTestNg" name="test" time="0.666"/>
  <system-out/>
  <testcase classname="br.com.rafaelferreira.rest.TestingaByTestNg" name="devoValidarBody" time="1.534"/>
  <system-out/>
</testsuite> <!-- br.com.rafaelferreira.rest.TestingaByTestNg -->
