<?xml version="1.0" encoding="UTF-8"?>
<!-- Generated by org.testng.reporters.JUnitReportReporter -->
<testsuite hostname="DESKTOP-JFIIDIB" failures="0" tests="8" name="br.com.rafaelferreira.rest.UserJsonTest" time="5.129" errors="0" timestamp="2021-04-01T17:18:35 BRT" skipped="0">
  <testcase classname="br.com.rafaelferreira.rest.UserJsonTest" name="verificacoesAvancadas" time="0.583"/>
  <system-out/>
  <testcase classname="br.com.rafaelferreira.rest.UserJsonTest" name="userInexistente" time="0.334"/>
  <system-out/>
  <testcase classname="br.com.rafaelferreira.rest.UserJsonTest" name="testandoJson" time="0.423"/>
  <system-out/>
  <testcase classname="br.com.rafaelferreira.rest.UserJsonTest" name="listaNaRaiz" time="0.497"/>
  <system-out/>
  <testcase classname="br.com.rafaelferreira.rest.UserJsonTest" name="deveApresentarOutrasFormas" time="2.167"/>
  <system-out/>
  <testcase classname="br.com.rafaelferreira.rest.UserJsonTest" name="testandoComList" time="0.414"/>
  <system-out/>
  <testcase classname="br.com.rafaelferreira.rest.UserJsonTest" name="verificacoesAvancadasJava" time="0.347"/>
  <system-out/>
  <testcase classname="br.com.rafaelferreira.rest.UserJsonTest" name="testandoSegundoNivel" time="0.364"/>
  <system-out/>
</testsuite> <!-- br.com.rafaelferreira.rest.UserJsonTest -->
