<?xml version="1.0" encoding="UTF-8"?>
<!-- Generated by org.testng.reporters.JUnitReportReporter -->
<testsuite hostname="DESKTOP-JFIIDIB" failures="0" tests="2" name="br.com.rafaelferreira.rest.XmlTesting" time="2.526" errors="0" timestamp="2021-04-01T16:25:44 BRT" skipped="0">
  <testcase classname="br.com.rafaelferreira.rest.XmlTesting" name="devoUsarXMLAvancadas" time="0.389"/>
  <system-out/>
  <testcase classname="br.com.rafaelferreira.rest.XmlTesting" name="devoUsarXML" time="2.137"/>
  <system-out/>
</testsuite> <!-- br.com.rafaelferreira.rest.XmlTesting -->
