<?xml version="1.0" encoding="UTF-8"?>
<!-- Generated by org.testng.reporters.JUnitReportReporter -->
<testsuite hostname="DESKTOP-JFIIDIB" failures="0" tests="1" name="br.com.rafaelferreira.rest.EnvioDadosQuery" time="1.765" errors="0" timestamp="2021-04-05T18:06:09 BRT" skipped="0">
  <testcase classname="br.com.rafaelferreira.rest.EnvioDadosQuery" name="deveEnviarViaHeader" time="1.765"/>
  <system-out/>
</testsuite> <!-- br.com.rafaelferreira.rest.EnvioDadosQuery -->
